I'm dead. BlankoEXT, [1]
   1: Player 1 launched 78 (left 27) ships from planet 2 to planet 17
   1: Player 1 launched 1 (left 26) ships from planet 2 to planet 3
  15: Player 1 launched 72 (left 24) ships from planet 2 to planet 5
  20: Player 1 launched 36 (left 13) ships from planet 2 to planet 23
  20: Player 1 launched 1 (left 40) ships from planet 5 to planet 9
  27: Player 1 launched 57 (left 19) ships from planet 17 to planet 18
  34: Player 1 launched 62 (left 21) ships from planet 2 to planet 19
  44: Player 1 launched 65 (left 22) ships from planet 17 to planet 10
  52: Player 1 launched 90 (left 31) ships from planet 5 to planet 13
  55: Player 1 launched 94 (left 32) ships from planet 2 to planet 16
  70: Player 1 launched 129 (left 43) ships from planet 23 to planet 1
  79: Player 1 launched 147 (left 50) ships from planet 13 to planet 7
  79: Player 1 launched 1 (left 12) ships from planet 1 to planet 20
  84: Player 1 launched 143 (left 48) ships from planet 5 to planet 11
 101: Player 1 launched 196 (left 66) ships from planet 2 to planet 22
 116: Player 1 launched 232 (left 78) ships from planet 17 to planet 12
 116: Player 1 launched 78 (left 0) ships from planet 17 to planet 10
 129: Player 1 launched 209 (left 70) ships from planet 23 to planet 6
 148: Player 1 launched 261 (left 88) ships from planet 13 to planet 15
 148: Player 1 launched 145 (left 156) ships from planet 2 to planet 1
 164: Player 1 launched 264 (left 88) ships from planet 22 to planet 4
 168: Player 1 launched 216 (left 72) ships from planet 7 to planet 21
 180: Player 1 launched 256 (left 86) ships from planet 5 to planet 8
 180: Player 1 launched 31 (left 171) ships from planet 21 to planet 1
 199: Player 1 launched 309 (left 103) ships from planet 4 to planet 14
 217: Player 1 launched 353 (left 118) ships from planet 2 to planet 9
 221: Player 1 launched 339 (left 114) ships from planet 13 to planet 20
 228: Player 1 launched 354 (left 118) ships from planet 16 to planet 3
 235: Player 1 launched 370 (left 124) ships from planet 23 to planet 12
 252: Player 1 launched 383 (left 128) ships from planet 8 to planet 12
 256: Player 1 launched 349 (left 117) ships from planet 5 to planet 14
 270: Player 1 launched 384 (left 128) ships from planet 22 to planet 10
 284: I won! BlankoEXT [1]
