I'm dead. BlankoEXTW5, [1]
   1: Player 1 launched 1 (left 104) ships from planet 2 to planet 3
   1: Player 1 launched 78 (left 26) ships from planet 2 to planet 17
  15: Player 1 launched 72 (left 24) ships from planet 2 to planet 5
  20: Player 1 launched 36 (left 13) ships from planet 2 to planet 23
  27: Player 1 launched 57 (left 19) ships from planet 5 to planet 13
  30: Player 1 launched 66 (left 22) ships from planet 17 to planet 10
  38: Player 1 launched 77 (left 26) ships from planet 2 to planet 19
  48: Player 1 launched 100 (left 34) ships from planet 13 to planet 7
  53: Player 1 launched 85 (left 29) ships from planet 17 to planet 18
  60: Player 1 launched 102 (left 34) ships from planet 2 to planet 16
  66: Player 1 launched 19 (left 137) ships from planet 23 to planet 19
  67: Player 1 launched 17 (left 124) ships from planet 23 to planet 19
  68: Player 1 launched 15 (left 113) ships from planet 23 to planet 19
  69: Player 1 launched 13 (left 104) ships from planet 23 to planet 19
  70: Player 1 launched 11 (left 96) ships from planet 7 to planet 19
  75: Player 1 launched 1 (left 23) ships from planet 16 to planet 15
  75: Player 1 launched 126 (left 43) ships from planet 13 to planet 1
  83: Player 1 launched 1 (left 9) ships from planet 1 to planet 21
  83: Player 1 launched 120 (left 40) ships from planet 23 to planet 11
  97: Player 1 launched 164 (left 55) ships from planet 2 to planet 9
 101: Player 1 launched 165 (left 56) ships from planet 17 to planet 22
 113: Player 1 launched 1 (left 3) ships from planet 22 to planet 8
 113: Player 1 launched 174 (left 59) ships from planet 13 to planet 20
 118: Player 1 launched 139 (left 100) ships from planet 9 to planet 11
 132: Player 1 launched 29 (left 222) ships from planet 16 to planet 7
 136: Player 1 launched 22 (left 230) ships from planet 23 to planet 13
 137: Player 1 launched 17 (left 217) ships from planet 23 to planet 13
 143: Player 1 launched 213 (left 72) ships from planet 2 to planet 4
 159: Player 1 launched 247 (left 83) ships from planet 16 to planet 6
 165: Player 1 launched 1 (left 311) ships from planet 17 to planet 14
 174: Player 1 launched 285 (left 95) ships from planet 9 to planet 12
 184: Player 1 launched 13 (left 245) ships from planet 13 to planet 9
 191: Player 1 launched 324 (left 109) ships from planet 23 to planet 7
 194: Player 1 launched 320 (left 107) ships from planet 17 to planet 14
 199: Player 1 launched 264 (left 88) ships from planet 2 to planet 5
 204: Player 1 launched 275 (left 92) ships from planet 22 to planet 8
 209: Player 1 launched 279 (left 93) ships from planet 4 to planet 8
 211: Player 1 launched 285 (left 95) ships from planet 13 to planet 5
 214: Player 1 launched 290 (left 97) ships from planet 12 to planet 3
 215: Player 1 launched 1 (left 155) ships from planet 9 to planet 2
 219: Player 1 launched 269 (left 90) ships from planet 19 to planet 11
 228: Player 1 launched 281 (left 94) ships from planet 18 to planet 21
 234: Player 1 launched 287 (left 96) ships from planet 16 to planet 15
 239: Player 1 launched 305 (left 102) ships from planet 8 to planet 15
 250: Player 1 launched 11 (left 360) ships from planet 3 to planet 16
 251: Player 1 launched 7 (left 358) ships from planet 3 to planet 16
 252: Player 1 launched 3 (left 360) ships from planet 3 to planet 16
 259: Player 1 launched 296 (left 99) ships from planet 3 to planet 6
 268: Player 1 launched 315 (left 105) ships from planet 9 to planet 2
 285: I won! BlankoEXTW5 [1]
